<?xml version="1.0" encoding="UTF-8"?>
<testng-results ignored="0" total="1" passed="1" failed="0" skipped="0">
  <reporter-output>
  </reporter-output>
  <suite started-at="2022-07-29T02:27:24Z" name="Default suite" finished-at="2022-07-29T02:27:51Z" duration-ms="26942">
    <groups>
    </groups>
    <test started-at="2022-07-29T02:27:24Z" name="Default test" finished-at="2022-07-29T02:27:51Z" duration-ms="26942">
      <class name="script.InvalidLogin">
        <test-method is-config="true" signature="createReport()[pri:0, instance:script.InvalidLogin@558bdf1f]" started-at="2022-07-29T02:27:23Z" name="createReport" finished-at="2022-07-29T02:27:24Z" duration-ms="302" status="PASS">
          <reporter-output>
          </reporter-output>
        </test-method> <!-- createReport -->
        <test-method is-config="true" signature="openApp(java.lang.reflect.Method, java.lang.String)[pri:0, instance:script.InvalidLogin@558bdf1f]" started-at="2022-07-29T02:27:24Z" name="openApp" finished-at="2022-07-29T02:27:44Z" duration-ms="19856" status="PASS">
          <params>
            <param index="0">
              <value>
                <![CDATA[public void script.InvalidLogin.testInvalidLogin()]]>
              </value>
            </param>
            <param index="1">
              <value>
                <![CDATA[config.properties]]>
              </value>
            </param>
          </params>
          <reporter-output>
          </reporter-output>
        </test-method> <!-- openApp -->
        <test-method signature="testInvalidLogin()[pri:2, instance:script.InvalidLogin@558bdf1f]" started-at="2022-07-29T02:27:44Z" name="testInvalidLogin" finished-at="2022-07-29T02:27:48Z" duration-ms="4471" status="PASS">
          <reporter-output>
          </reporter-output>
        </test-method> <!-- testInvalidLogin -->
        <test-method is-config="true" signature="closeApp(org.testng.ITestResult)[pri:0, instance:script.InvalidLogin@558bdf1f]" started-at="2022-07-29T02:27:48Z" name="closeApp" finished-at="2022-07-29T02:27:51Z" duration-ms="2593" status="PASS">
          <params>
            <param index="0">
              <value>
                <![CDATA[[TestResult name=testInvalidLogin status=SUCCESS method=InvalidLogin.testInvalidLogin()[pri:2, instance:script.InvalidLogin@558bdf1f] output={null}]]]>
              </value>
            </param>
          </params>
          <reporter-output>
          </reporter-output>
        </test-method> <!-- closeApp -->
        <test-method is-config="true" signature="publishReport()[pri:0, instance:script.InvalidLogin@558bdf1f]" started-at="2022-07-29T02:27:51Z" name="publishReport" finished-at="2022-07-29T02:27:51Z" duration-ms="332" status="PASS">
          <reporter-output>
          </reporter-output>
        </test-method> <!-- publishReport -->
      </class> <!-- script.InvalidLogin -->
    </test> <!-- Default test -->
  </suite> <!-- Default suite -->
</testng-results>
